<?xml version="1.0" encoding="UTF-8"?>
<!-- Generated by org.testng.reporters.JUnitReportReporter -->
<testsuite hostname="LAPTOP-NT85T9R6" failures="0" tests="1" name="testcases.searchbox" time="6.678" errors="0" timestamp="2024-10-28T13:00:41 IST" skipped="0">
  <testcase classname="testcases.searchbox" name="searchbox" time="6.678"/>
</testsuite> <!-- testcases.searchbox -->
