<?xml version="1.0" encoding="UTF-8"?>
<!-- Generated by org.testng.reporters.JUnitReportReporter -->
<testsuite hostname="LAPTOP-NT85T9R6" failures="0" tests="1" name="testcases.homepage_tc002" time="20.429" errors="0" timestamp="2024-09-07T16:23:26 IST" skipped="0">
  <testcase classname="testcases.homepage_tc002" name="homepagetest" time="20.429"/>
</testsuite> <!-- testcases.homepage_tc002 -->
