<?xml version="1.0" encoding="UTF-8"?>
<!-- Generated by org.testng.reporters.JUnitReportReporter -->
<testsuite hostname="LAPTOP-NT85T9R6" failures="0" tests="1" name="testcases.craeteorg_tc004" time="19.853" errors="0" timestamp="2024-09-06T14:07:17 IST" skipped="0">
  <testcase classname="testcases.craeteorg_tc004" name="craeteorg_tc004" time="19.853"/>
</testsuite> <!-- testcases.craeteorg_tc004 -->
