<?xml version="1.0" encoding="UTF-8"?>
<!-- Generated by org.testng.reporters.JUnitReportReporter -->
<testsuite hostname="LAPTOP-NT85T9R6" failures="0" tests="1" name="testcases.homepage_tc002" time="20.622" errors="0" timestamp="2024-09-13T13:19:36 IST" skipped="0">
  <testcase classname="testcases.homepage_tc002" name="homepagetest" time="20.622"/>
</testsuite> <!-- testcases.homepage_tc002 -->
