<?xml version="1.0" encoding="UTF-8"?>
<!-- Generated by org.testng.reporters.JUnitReportReporter -->
<testsuite hostname="LAPTOP-NT85T9R6" failures="0" tests="1" name="testcases.homepage_tc002" time="18.954" errors="0" timestamp="2024-06-26T11:13:47 IST" skipped="0">
  <testcase classname="testcases.homepage_tc002" name="homepagetest" time="18.954"/>
</testsuite> <!-- testcases.homepage_tc002 -->
