<?xml version="1.0" encoding="UTF-8"?>
<!-- Generated by org.testng.reporters.JUnitReportReporter -->
<testsuite hostname="LAPTOP-NT85T9R6" failures="0" tests="1" name="testcases.craeteorg_tc004" time="22.316" errors="0" timestamp="2024-09-13T13:19:36 IST" skipped="0">
  <testcase classname="testcases.craeteorg_tc004" name="craeteorg_tc004" time="22.316"/>
</testsuite> <!-- testcases.craeteorg_tc004 -->
