<?xml version="1.0" encoding="UTF-8"?>
<!-- Generated by org.testng.reporters.JUnitReportReporter -->
<testsuite hostname="LAPTOP-NT85T9R6" failures="0" tests="1" name="testcases.tc_03" time="21.706" errors="0" timestamp="2024-08-09T10:13:35 IST" skipped="0">
  <testcase classname="testcases.tc_03" name="tc_03" time="21.706"/>
</testsuite> <!-- testcases.tc_03 -->
