<?xml version="1.0" encoding="UTF-8"?>
<!-- Generated by org.testng.reporters.JUnitReportReporter -->
<testsuite hostname="LAPTOP-NT85T9R6" failures="0" tests="1" name="testcases.loginTestcase_001" time="14.278" errors="0" timestamp="2024-09-13T22:21:28 IST" skipped="0">
  <testcase classname="testcases.loginTestcase_001" name="testlogin" time="14.278"/>
</testsuite> <!-- testcases.loginTestcase_001 -->
